<?xml version="1.0" encoding="UTF-8"?>
<testsuite xmlns:xsi="http://www.w3.org/2001/XMLSchema-instance" xsi:noNamespaceSchemaLocation="https://maven.apache.org/surefire/maven-surefire-plugin/xsd/surefire-test-report-3.0.xsd" version="3.0" name="se.kth.iv1350.startup.MainTest" time="0.029" tests="1" errors="0" skipped="0" failures="0">
  <properties>
    <property name="java.specification.version" value="23"/>
    <property name="sun.cpu.isalist" value="amd64"/>
    <property name="sun.jnu.encoding" value="Cp1252"/>
    <property name="java.class.path" value="C:\Users\vikke\Documents\Plugg\IV1350\IV1350-Object-Oriented-Design\Seminar 4\kassa\target\test-classes;C:\Users\vikke\Documents\Plugg\IV1350\IV1350-Object-Oriented-Design\Seminar 4\kassa\target\classes;C:\Users\vikke\.m2\repository\org\junit\jupiter\junit-jupiter\5.10.0\junit-jupiter-5.10.0.jar;C:\Users\vikke\.m2\repository\org\junit\jupiter\junit-jupiter-api\5.10.0\junit-jupiter-api-5.10.0.jar;C:\Users\vikke\.m2\repository\org\opentest4j\opentest4j\1.3.0\opentest4j-1.3.0.jar;C:\Users\vikke\.m2\repository\org\junit\platform\junit-platform-commons\1.10.0\junit-platform-commons-1.10.0.jar;C:\Users\vikke\.m2\repository\org\apiguardian\apiguardian-api\1.1.2\apiguardian-api-1.1.2.jar;C:\Users\vikke\.m2\repository\org\junit\jupiter\junit-jupiter-params\5.10.0\junit-jupiter-params-5.10.0.jar;C:\Users\vikke\.m2\repository\org\junit\jupiter\junit-jupiter-engine\5.10.0\junit-jupiter-engine-5.10.0.jar;C:\Users\vikke\.m2\repository\org\junit\platform\junit-platform-engine\1.10.0\junit-platform-engine-1.10.0.jar;"/>
    <property name="java.vm.vendor" value="Oracle Corporation"/>
    <property name="sun.arch.data.model" value="64"/>
    <property name="user.variant" value=""/>
    <property name="java.vendor.url" value="https://java.oracle.com/"/>
    <property name="user.timezone" value="Europe/Stockholm"/>
    <property name="user.country.format" value="SE"/>
    <property name="os.name" value="Windows 11"/>
    <property name="java.vm.specification.version" value="23"/>
    <property name="sun.java.launcher" value="SUN_STANDARD"/>
    <property name="user.country" value="GB"/>
    <property name="sun.boot.library.path" value="C:\Program Files\Java\jdk-23\bin"/>
    <property name="sun.java.command" value="C:\Users\vikke\AppData\Local\Temp\surefire10752058698373379109\surefirebooter-20250519230231331_3.jar C:\Users\vikke\AppData\Local\Temp\surefire10752058698373379109 2025-05-19T23-02-31_012-jvmRun1 surefire-20250519230231331_1tmp surefire_0-20250519230231331_2tmp"/>
    <property name="jdk.debug" value="release"/>
    <property name="surefire.test.class.path" value="C:\Users\vikke\Documents\Plugg\IV1350\IV1350-Object-Oriented-Design\Seminar 4\kassa\target\test-classes;C:\Users\vikke\Documents\Plugg\IV1350\IV1350-Object-Oriented-Design\Seminar 4\kassa\target\classes;C:\Users\vikke\.m2\repository\org\junit\jupiter\junit-jupiter\5.10.0\junit-jupiter-5.10.0.jar;C:\Users\vikke\.m2\repository\org\junit\jupiter\junit-jupiter-api\5.10.0\junit-jupiter-api-5.10.0.jar;C:\Users\vikke\.m2\repository\org\opentest4j\opentest4j\1.3.0\opentest4j-1.3.0.jar;C:\Users\vikke\.m2\repository\org\junit\platform\junit-platform-commons\1.10.0\junit-platform-commons-1.10.0.jar;C:\Users\vikke\.m2\repository\org\apiguardian\apiguardian-api\1.1.2\apiguardian-api-1.1.2.jar;C:\Users\vikke\.m2\repository\org\junit\jupiter\junit-jupiter-params\5.10.0\junit-jupiter-params-5.10.0.jar;C:\Users\vikke\.m2\repository\org\junit\jupiter\junit-jupiter-engine\5.10.0\junit-jupiter-engine-5.10.0.jar;C:\Users\vikke\.m2\repository\org\junit\platform\junit-platform-engine\1.10.0\junit-platform-engine-1.10.0.jar;"/>
    <property name="sun.cpu.endian" value="little"/>
    <property name="user.home" value="C:\Users\vikke"/>
    <property name="user.language" value="en"/>
    <property name="java.specification.vendor" value="Oracle Corporation"/>
    <property name="java.version.date" value="2024-10-15"/>
    <property name="java.home" value="C:\Program Files\Java\jdk-23"/>
    <property name="file.separator" value="\"/>
    <property name="basedir" value="C:\Users\vikke\Documents\Plugg\IV1350\IV1350-Object-Oriented-Design\Seminar 4\kassa"/>
    <property name="java.vm.compressedOopsMode" value="32-bit"/>
    <property name="line.separator" value="&#10;"/>
    <property name="java.vm.specification.vendor" value="Oracle Corporation"/>
    <property name="java.specification.name" value="Java Platform API Specification"/>
    <property name="surefire.real.class.path" value="C:\Users\vikke\AppData\Local\Temp\surefire10752058698373379109\surefirebooter-20250519230231331_3.jar"/>
    <property name="user.script" value=""/>
    <property name="sun.management.compiler" value="HotSpot 64-Bit Tiered Compilers"/>
    <property name="java.runtime.version" value="23.0.1+11-39"/>
    <property name="user.name" value="vikke"/>
    <property name="stdout.encoding" value="Cp1252"/>
    <property name="path.separator" value=";"/>
    <property name="os.version" value="10.0"/>
    <property name="java.runtime.name" value="Java(TM) SE Runtime Environment"/>
    <property name="file.encoding" value="UTF-8"/>
    <property name="java.vm.name" value="Java HotSpot(TM) 64-Bit Server VM"/>
    <property name="localRepository" value="C:\Users\vikke\.m2\repository"/>
    <property name="java.vendor.url.bug" value="https://bugreport.java.com/bugreport/"/>
    <property name="java.io.tmpdir" value="C:\Users\vikke\AppData\Local\Temp\"/>
    <property name="java.version" value="23.0.1"/>
    <property name="user.dir" value="C:\Users\vikke\Documents\Plugg\IV1350\IV1350-Object-Oriented-Design\Seminar 4\kassa"/>
    <property name="os.arch" value="amd64"/>
    <property name="java.vm.specification.name" value="Java Virtual Machine Specification"/>
    <property name="sun.os.patch.level" value=""/>
    <property name="native.encoding" value="Cp1252"/>
    <property name="java.library.path" value="C:\Program Files\Java\jdk-23\bin;C:\WINDOWS\Sun\Java\bin;C:\WINDOWS\system32;C:\WINDOWS;C:\Program Files\Common Files\Oracle\Java\javapath;C:\Program Files (x86)\Common Files\Oracle\Java\javapath;C:\WINDOWS\system32;C:\WINDOWS;C:\WINDOWS\System32\Wbem;C:\WINDOWS\System32\WindowsPowerShell\v1.0\;C:\WINDOWS\System32\OpenSSH\;C:\Program Files\dotnet\;C:\Program Files\Git\cmd;C:\Program Files\Docker\Docker\resources\bin;C:\msys64\mingw64\bin;C:\Program Files\nodejs\;C:\Program Files\maven-mvnd-1.0.2-windows-amd64\mvn\bin;C:\Users\vikke\AppData\Local\Microsoft\WindowsApps;C:\Users\vikke\AppData\Local\Programs\Microsoft VS Code\bin;C:\Users\vikke\.dotnet\tools;C:\Program Files (x86)\Nmap;C:\Users\vikke\AppData\Roaming\npm;C:\Users\vikke\AppData\Local\GitHubDesktop\bin;."/>
    <property name="java.vm.info" value="mixed mode, sharing"/>
    <property name="stderr.encoding" value="Cp1252"/>
    <property name="java.vendor" value="Oracle Corporation"/>
    <property name="java.vm.version" value="23.0.1+11-39"/>
    <property name="sun.io.unicode.encoding" value="UnicodeLittle"/>
    <property name="java.class.version" value="67.0"/>
  </properties>
  <testcase name="testMain" classname="se.kth.iv1350.startup.MainTest" time="0.024">
    <system-out><![CDATA[Add 1 item with item id 101:

ItemID: 101
Item name: BigWheel Oatmeal
Item cost: 31,69 SEK
VAT: 6,00%
Item description: BigWheel Oatmeal 500 g, whole grain oats, 7 high fiber, gluten free

Total cost (incl VAT): 31,69 SEK
Total VAT: 1,90 SEK


Add 1 item with item id 102:

ItemID: 102
Item name: YouGoGo Blueberry
Item cost: 15,79 SEK
VAT: 6,00%
Item description: YouGoGo Blueberry 240g, low sugar yoghurt, blueberry flavour.

Total cost (incl VAT): 47,49 SEK
Total VAT: 2,85 SEK


Add 3 item with item id 101:

ItemID: 101
Item name: BigWheel Oatmeal
Item cost: 31,69 SEK
VAT: 6,00%
Item description: BigWheel Oatmeal 500 g, whole grain oats, 7 high fiber, gluten free

Total cost (incl VAT): 47,49 SEK
Total VAT: 2,85 SEK


End sale:

Total: 					47,49 SEK
VAT: 2,85

Customer 201 is eligible for discount: -4,75 SEK

Total revenue: 42,74 SEK
Total revenue: 42,74 SEK
------------------ Begin receipt -------------------
Time of Sale: 2025-05-19 23:02:32


BigWheel Oatmeal	4 x 31,69	126,78 SEK
YouGoGo Blueberry	1 x 15,79	15,79 SEK

Total: 					47,49 SEK
VAT: 2,85
Discount: 				-4,75 SEK
Final: 					42,74 SEK
Cash: 					500,00 SEK
Change: 				452,51 SEK
------------------ End receipt ---------------------
Add 1 item with item id 105:

Could not add item
Add 3 item with item id 104:

Could not add item
Add 5 item with item id 103:

Could not add item
Add 7 item with item id 102:

ItemID: 102
Item name: YouGoGo Blueberry
Item cost: 15,79 SEK
VAT: 6,00%
Item description: YouGoGo Blueberry 240g, low sugar yoghurt, blueberry flavour.

Total cost (incl VAT): 15,79 SEK
Total VAT: 0,95 SEK


Add 9 item with item id 101:

ItemID: 101
Item name: BigWheel Oatmeal
Item cost: 31,69 SEK
VAT: 6,00%
Item description: BigWheel Oatmeal 500 g, whole grain oats, 7 high fiber, gluten free

Total cost (incl VAT): 47,49 SEK
Total VAT: 2,85 SEK


End sale:

Total: 					47,49 SEK
VAT: 2,85
Total revenue: 47,49 SEK
Total revenue: 47,49 SEK
------------------ Begin receipt -------------------
Time of Sale: 2025-05-19 23:02:32


YouGoGo Blueberry	7 x 15,79	110,56 SEK
BigWheel Oatmeal	9 x 31,69	285,25 SEK

Total: 					47,49 SEK
VAT: 2,85
Discount: 				-0,00 SEK
Final: 					47,49 SEK
Cash: 					1000,00 SEK
Change: 				952,51 SEK
------------------ End receipt ---------------------
Add 1 item with item id 101:

ItemID: 101
Item name: BigWheel Oatmeal
Item cost: 31,69 SEK
VAT: 6,00%
Item description: BigWheel Oatmeal 500 g, whole grain oats, 7 high fiber, gluten free

Total cost (incl VAT): 31,69 SEK
Total VAT: 1,90 SEK


Add 3 item with item id 101:

ItemID: 101
Item name: BigWheel Oatmeal
Item cost: 31,69 SEK
VAT: 6,00%
Item description: BigWheel Oatmeal 500 g, whole grain oats, 7 high fiber, gluten free

Total cost (incl VAT): 31,69 SEK
Total VAT: 1,90 SEK


Add 5 item with item id 102:

ItemID: 102
Item name: YouGoGo Blueberry
Item cost: 15,79 SEK
VAT: 6,00%
Item description: YouGoGo Blueberry 240g, low sugar yoghurt, blueberry flavour.

Total cost (incl VAT): 47,49 SEK
Total VAT: 2,85 SEK


Add 7 item with item id 101:

ItemID: 101
Item name: BigWheel Oatmeal
Item cost: 31,69 SEK
VAT: 6,00%
Item description: BigWheel Oatmeal 500 g, whole grain oats, 7 high fiber, gluten free

Total cost (incl VAT): 47,49 SEK
Total VAT: 2,85 SEK


Add 9 item with item id 101:

ItemID: 101
Item name: BigWheel Oatmeal
Item cost: 31,69 SEK
VAT: 6,00%
Item description: BigWheel Oatmeal 500 g, whole grain oats, 7 high fiber, gluten free

Total cost (incl VAT): 47,49 SEK
Total VAT: 2,85 SEK


Customer ID was not found: 212
End sale:

Total: 					47,49 SEK
VAT: 2,85
Total revenue: 47,49 SEK
Total revenue: 47,49 SEK
------------------ Begin receipt -------------------
Time of Sale: 2025-05-19 23:02:32


BigWheel Oatmeal	20 x 31,69	633,88 SEK
YouGoGo Blueberry	5 x 15,79	78,97 SEK

Total: 					47,49 SEK
VAT: 2,85
Discount: 				-0,00 SEK
Final: 					47,49 SEK
Cash: 					1000,00 SEK
Change: 				952,51 SEK
------------------ End receipt ---------------------
Add 1 item with item id 0:

Could not add item
End sale:

Total: 					0,00 SEK
VAT: 0,00
Total revenue: 0,00 SEK
Total revenue: 0,00 SEK
------------------ Begin receipt -------------------
Time of Sale: 2025-05-19 23:02:32



Total: 					0,00 SEK
VAT: 0,00
Discount: 				-0,00 SEK
Final: 					0,00 SEK
Cash: 					100,00 SEK
Change: 				100,00 SEK
------------------ End receipt ---------------------
Add 1 item with item id 101:

ItemID: 101
Item name: BigWheel Oatmeal
Item cost: 31,69 SEK
VAT: 6,00%
Item description: BigWheel Oatmeal 500 g, whole grain oats, 7 high fiber, gluten free

Total cost (incl VAT): 31,69 SEK
Total VAT: 1,90 SEK


End sale:

Total: 					31,69 SEK
VAT: 1,90
No connection to the discountDB
Total revenue: 31,69 SEK
Total revenue: 31,69 SEK
------------------ Begin receipt -------------------
Time of Sale: 2025-05-19 23:02:32


BigWheel Oatmeal	1 x 31,69	31,69 SEK

Total: 					31,69 SEK
VAT: 1,90
Discount: 				-0,00 SEK
Final: 					31,69 SEK
Cash: 					100,00 SEK
Change: 				68,31 SEK
------------------ End receipt ---------------------
]]></system-out>
  </testcase>
</testsuite>