<?xml version="1.0" encoding="UTF-8"?>
<testsuite xmlns:xsi="http://www.w3.org/2001/XMLSchema-instance" xsi:noNamespaceSchemaLocation="https://maven.apache.org/surefire/maven-surefire-plugin/xsd/surefire-test-report-3.0.xsd" version="3.0" name="se.kth.iv1350.controller.ControllerTest" time="0.059" tests="7" errors="0" skipped="0" failures="0">
  <properties>
    <property name="java.specification.version" value="23"/>
    <property name="sun.cpu.isalist" value="amd64"/>
    <property name="sun.jnu.encoding" value="Cp1252"/>
    <property name="java.class.path" value="C:\Users\Adrian Boström\IV1350-Object-Oriented-Design\Seminar 4\kassa\target\test-classes;C:\Users\Adrian Boström\IV1350-Object-Oriented-Design\Seminar 4\kassa\target\classes;C:\Users\Adrian Boström\.m2\repository\org\junit\jupiter\junit-jupiter\5.10.0\junit-jupiter-5.10.0.jar;C:\Users\Adrian Boström\.m2\repository\org\junit\jupiter\junit-jupiter-api\5.10.0\junit-jupiter-api-5.10.0.jar;C:\Users\Adrian Boström\.m2\repository\org\opentest4j\opentest4j\1.3.0\opentest4j-1.3.0.jar;C:\Users\Adrian Boström\.m2\repository\org\junit\platform\junit-platform-commons\1.10.0\junit-platform-commons-1.10.0.jar;C:\Users\Adrian Boström\.m2\repository\org\apiguardian\apiguardian-api\1.1.2\apiguardian-api-1.1.2.jar;C:\Users\Adrian Boström\.m2\repository\org\junit\jupiter\junit-jupiter-params\5.10.0\junit-jupiter-params-5.10.0.jar;C:\Users\Adrian Boström\.m2\repository\org\junit\jupiter\junit-jupiter-engine\5.10.0\junit-jupiter-engine-5.10.0.jar;C:\Users\Adrian Boström\.m2\repository\org\junit\platform\junit-platform-engine\1.10.0\junit-platform-engine-1.10.0.jar;"/>
    <property name="java.vm.vendor" value="Oracle Corporation"/>
    <property name="sun.arch.data.model" value="64"/>
    <property name="user.variant" value=""/>
    <property name="java.vendor.url" value="https://java.oracle.com/"/>
    <property name="user.timezone" value="Europe/Stockholm"/>
    <property name="user.country.format" value="SE"/>
    <property name="os.name" value="Windows 11"/>
    <property name="java.vm.specification.version" value="23"/>
    <property name="sun.java.launcher" value="SUN_STANDARD"/>
    <property name="user.country" value="US"/>
    <property name="sun.boot.library.path" value="C:\Program Files\Java\jdk-23\bin"/>
    <property name="sun.java.command" value="C:\Users\Adrian Boström\AppData\Local\Temp\surefire17719552134370172641\surefirebooter-20250525204431356_3.jar C:\Users\Adrian Boström\AppData\Local\Temp\surefire17719552134370172641 2025-05-25T20-44-31_279-jvmRun1 surefire-20250525204431356_1tmp surefire_0-20250525204431356_2tmp"/>
    <property name="jdk.debug" value="release"/>
    <property name="surefire.test.class.path" value="C:\Users\Adrian Boström\IV1350-Object-Oriented-Design\Seminar 4\kassa\target\test-classes;C:\Users\Adrian Boström\IV1350-Object-Oriented-Design\Seminar 4\kassa\target\classes;C:\Users\Adrian Boström\.m2\repository\org\junit\jupiter\junit-jupiter\5.10.0\junit-jupiter-5.10.0.jar;C:\Users\Adrian Boström\.m2\repository\org\junit\jupiter\junit-jupiter-api\5.10.0\junit-jupiter-api-5.10.0.jar;C:\Users\Adrian Boström\.m2\repository\org\opentest4j\opentest4j\1.3.0\opentest4j-1.3.0.jar;C:\Users\Adrian Boström\.m2\repository\org\junit\platform\junit-platform-commons\1.10.0\junit-platform-commons-1.10.0.jar;C:\Users\Adrian Boström\.m2\repository\org\apiguardian\apiguardian-api\1.1.2\apiguardian-api-1.1.2.jar;C:\Users\Adrian Boström\.m2\repository\org\junit\jupiter\junit-jupiter-params\5.10.0\junit-jupiter-params-5.10.0.jar;C:\Users\Adrian Boström\.m2\repository\org\junit\jupiter\junit-jupiter-engine\5.10.0\junit-jupiter-engine-5.10.0.jar;C:\Users\Adrian Boström\.m2\repository\org\junit\platform\junit-platform-engine\1.10.0\junit-platform-engine-1.10.0.jar;"/>
    <property name="sun.cpu.endian" value="little"/>
    <property name="user.home" value="C:\Users\Adrian Boström"/>
    <property name="user.language" value="en"/>
    <property name="java.specification.vendor" value="Oracle Corporation"/>
    <property name="java.version.date" value="2025-01-21"/>
    <property name="java.home" value="C:\Program Files\Java\jdk-23"/>
    <property name="file.separator" value="\"/>
    <property name="basedir" value="C:\Users\Adrian Boström\IV1350-Object-Oriented-Design\Seminar 4\kassa"/>
    <property name="java.vm.compressedOopsMode" value="Zero based"/>
    <property name="line.separator" value="&#10;"/>
    <property name="java.vm.specification.vendor" value="Oracle Corporation"/>
    <property name="java.specification.name" value="Java Platform API Specification"/>
    <property name="surefire.real.class.path" value="C:\Users\Adrian Boström\AppData\Local\Temp\surefire17719552134370172641\surefirebooter-20250525204431356_3.jar"/>
    <property name="user.script" value=""/>
    <property name="sun.management.compiler" value="HotSpot 64-Bit Tiered Compilers"/>
    <property name="java.runtime.version" value="23.0.2+7-58"/>
    <property name="user.name" value="Adrian Boström"/>
    <property name="stdout.encoding" value="Cp1252"/>
    <property name="path.separator" value=";"/>
    <property name="os.version" value="10.0"/>
    <property name="java.runtime.name" value="Java(TM) SE Runtime Environment"/>
    <property name="file.encoding" value="UTF-8"/>
    <property name="java.vm.name" value="Java HotSpot(TM) 64-Bit Server VM"/>
    <property name="localRepository" value="C:\Users\Adrian Boström\.m2\repository"/>
    <property name="java.vendor.url.bug" value="https://bugreport.java.com/bugreport/"/>
    <property name="java.io.tmpdir" value="C:\Users\ADRIAN~1\AppData\Local\Temp\"/>
    <property name="java.version" value="23.0.2"/>
    <property name="user.dir" value="C:\Users\Adrian Boström\IV1350-Object-Oriented-Design\Seminar 4\kassa"/>
    <property name="os.arch" value="amd64"/>
    <property name="java.vm.specification.name" value="Java Virtual Machine Specification"/>
    <property name="sun.os.patch.level" value=""/>
    <property name="native.encoding" value="Cp1252"/>
    <property name="java.library.path" value="C:\Program Files\Java\jdk-23\bin;C:\WINDOWS\Sun\Java\bin;C:\WINDOWS\system32;C:\WINDOWS;C:\Program Files\Common Files\Oracle\Java\javapath;C:\WINDOWS\system32;C:\WINDOWS;C:\WINDOWS\System32\Wbem;C:\WINDOWS\System32\WindowsPowerShell\v1.0\;C:\WINDOWS\System32\OpenSSH\;C:\msys64w\ucrt64\bin;C:\Program Files\dotnet\;C:\Program Files\Git\cmd;C:\Program Files\nodejs\;C:\Program Files\Maven\bin;C:\Users\Adrian Boström\AppData\Local\Programs\Python\Python313\Scripts\;C:\Users\Adrian Boström\AppData\Local\Programs\Python\Python313\;C:\Users\Adrian Boström\AppData\Local\Microsoft\WindowsApps;C:\Users\Adrian Boström\AppData\Local\Programs\Microsoft VS Code\bin;C:\Users\Adrian Boström\.dotnet\tools;C:\Users\Adrian Boström\AppData\Roaming\npm;."/>
    <property name="java.vm.info" value="mixed mode, sharing"/>
    <property name="stderr.encoding" value="Cp1252"/>
    <property name="java.vendor" value="Oracle Corporation"/>
    <property name="java.vm.version" value="23.0.2+7-58"/>
    <property name="sun.io.unicode.encoding" value="UnicodeLittle"/>
    <property name="java.class.version" value="67.0"/>
  </properties>
  <testcase name="testEndSale" classname="se.kth.iv1350.controller.ControllerTest" time="0.03">
    <system-out><![CDATA[Starting controller...
accountingDB: se.kth.iv1350.integration.AccountingDB@1bd4fdd
discountDB: se.kth.iv1350.integration.DiscountDB@4f83df68
inventoryDB: se.kth.iv1350.integration.InventoryDB@130d63be
Starting printer...
Printer: se.kth.iv1350.integration.Printer@293a5bf6
Adding item: se.kth.iv1350.DTO.ItemDTO@74f0ea28
Total revenue: 31.694000244140625
Adding item: se.kth.iv1350.DTO.ItemDTO@2a4fb17b
Total revenue: 47.487998962402344
----- RECEIPT -----
Date: 2025-05-25T20:44:31.715534300
Items:
BigWheel Oatmeal x2 - 29.9 each
YouGoGo Blueberry x2 - 14.9 each
-------------------
Total: 47.488
VAT: 2.8492799
-------------------

Total revenue: 47.487998962402344
]]></system-out>
  </testcase>
  <testcase name="testAddNullItemThrowsException" classname="se.kth.iv1350.controller.ControllerTest" time="0.006">
    <system-out><![CDATA[Starting controller...
accountingDB: se.kth.iv1350.integration.AccountingDB@22555ebf
discountDB: se.kth.iv1350.integration.DiscountDB@36ebc363
inventoryDB: se.kth.iv1350.integration.InventoryDB@45752059
Starting printer...
Printer: se.kth.iv1350.integration.Printer@34e9fd99
Adding item: se.kth.iv1350.DTO.ItemDTO@3c41ed1d
Total revenue: 31.694000244140625
Adding item: se.kth.iv1350.DTO.ItemDTO@54d9d12d
Total revenue: 47.487998962402344
]]></system-out>
  </testcase>
  <testcase name="testAddItemWithNullDTOThrowsException" classname="se.kth.iv1350.controller.ControllerTest" time="0.003">
    <system-out><![CDATA[Starting controller...
accountingDB: se.kth.iv1350.integration.AccountingDB@6989da5e
discountDB: se.kth.iv1350.integration.DiscountDB@385c9627
inventoryDB: se.kth.iv1350.integration.InventoryDB@139982de
Starting printer...
Printer: se.kth.iv1350.integration.Printer@682b2fa
Adding item: se.kth.iv1350.DTO.ItemDTO@217ed35e
Total revenue: 31.694000244140625
Adding item: se.kth.iv1350.DTO.ItemDTO@7dcf94f8
Total revenue: 47.487998962402344
Adding item: null
]]></system-out>
  </testcase>
  <testcase name="testAddItem" classname="se.kth.iv1350.controller.ControllerTest" time="0.001">
    <system-out><![CDATA[Starting controller...
accountingDB: se.kth.iv1350.integration.AccountingDB@31190526
discountDB: se.kth.iv1350.integration.DiscountDB@662ac478
inventoryDB: se.kth.iv1350.integration.InventoryDB@6743e411
Starting printer...
Printer: se.kth.iv1350.integration.Printer@3eb25e1a
Adding item: se.kth.iv1350.DTO.ItemDTO@477b4cdf
Total revenue: 31.694000244140625
Adding item: se.kth.iv1350.DTO.ItemDTO@77c2494c
Total revenue: 47.487998962402344
Adding item: se.kth.iv1350.DTO.ItemDTO@477b4cdf
Total revenue: 47.487998962402344
]]></system-out>
  </testcase>
  <testcase name="testFindItemNotFoundThrowsException" classname="se.kth.iv1350.controller.ControllerTest" time="0.001">
    <system-out><![CDATA[Starting controller...
accountingDB: se.kth.iv1350.integration.AccountingDB@f5958c9
discountDB: se.kth.iv1350.integration.DiscountDB@233795b6
inventoryDB: se.kth.iv1350.integration.InventoryDB@3eb738bb
Starting printer...
Printer: se.kth.iv1350.integration.Printer@5bda8e08
Adding item: se.kth.iv1350.DTO.ItemDTO@1e800aaa
Total revenue: 31.694000244140625
Adding item: se.kth.iv1350.DTO.ItemDTO@185a6e9
Total revenue: 47.487998962402344
]]></system-out>
  </testcase>
  <testcase name="testFindInvalidItemId" classname="se.kth.iv1350.controller.ControllerTest" time="0.002">
    <system-out><![CDATA[Starting controller...
accountingDB: se.kth.iv1350.integration.AccountingDB@9d5509a
discountDB: se.kth.iv1350.integration.DiscountDB@179ece50
inventoryDB: se.kth.iv1350.integration.InventoryDB@3b0090a4
Starting printer...
Printer: se.kth.iv1350.integration.Printer@3cd3e762
Adding item: se.kth.iv1350.DTO.ItemDTO@1fa121e2
Total revenue: 31.694000244140625
Adding item: se.kth.iv1350.DTO.ItemDTO@7eac9008
Total revenue: 47.487998962402344
]]></system-out>
  </testcase>
  <testcase name="testAddDuplicateItem" classname="se.kth.iv1350.controller.ControllerTest" time="0.002">
    <system-out><![CDATA[Starting controller...
accountingDB: se.kth.iv1350.integration.AccountingDB@62ddbd7e
discountDB: se.kth.iv1350.integration.DiscountDB@74e52ef6
inventoryDB: se.kth.iv1350.integration.InventoryDB@6ed3ccb2
Starting printer...
Printer: se.kth.iv1350.integration.Printer@1a677343
Adding item: se.kth.iv1350.DTO.ItemDTO@15de0b3c
Total revenue: 31.694000244140625
Adding item: se.kth.iv1350.DTO.ItemDTO@489115ef
Total revenue: 47.487998962402344
Adding item: se.kth.iv1350.DTO.ItemDTO@489115ef
Total revenue: 47.487998962402344
]]></system-out>
  </testcase>
</testsuite>